f:\source\2024\musicplayer\musicplayer\x64\release\vc143.pdb
f:\source\2024\musicplayer\musicplayer\x64\release\musicplayer.obj
f:\source\2024\musicplayer\musicplayer\x64\release\musicmci.obj
f:\source\2024\musicplayer\musicplayer\x64\release\musicdata.obj
f:\source\2024\musicplayer\musicplayer\x64\release\main.obj
f:\source\2024\musicplayer\musicplayer\x64\release\guimusicplayer.obj
f:\source\2024\musicplayer\musicplayer\x64\release\lf_exception.obj
f:\source\2024\musicplayer\x64\release\musicplayer.exe
f:\source\2024\musicplayer\x64\release\musicplayer.pdb
f:\source\2024\musicplayer\musicplayer\x64\release\music_player.res
f:\source\2024\musicplayer\musicplayer\x64\release\musicplayer.ipdb
f:\source\2024\musicplayer\musicplayer\x64\release\musicplayer.iobj
f:\source\2024\musicplayer\musicplayer\x64\release\musicplayer.tlog\cl.command.1.tlog
f:\source\2024\musicplayer\musicplayer\x64\release\musicplayer.tlog\cl.items.tlog
f:\source\2024\musicplayer\musicplayer\x64\release\musicplayer.tlog\cl.read.1.tlog
f:\source\2024\musicplayer\musicplayer\x64\release\musicplayer.tlog\cl.write.1.tlog
f:\source\2024\musicplayer\musicplayer\x64\release\musicplayer.tlog\link.command.1.tlog
f:\source\2024\musicplayer\musicplayer\x64\release\musicplayer.tlog\link.read.1.tlog
f:\source\2024\musicplayer\musicplayer\x64\release\musicplayer.tlog\link.secondary.1.tlog
f:\source\2024\musicplayer\musicplayer\x64\release\musicplayer.tlog\link.write.1.tlog
f:\source\2024\musicplayer\musicplayer\x64\release\musicplayer.tlog\rc.command.1.tlog
f:\source\2024\musicplayer\musicplayer\x64\release\musicplayer.tlog\rc.read.1.tlog
f:\source\2024\musicplayer\musicplayer\x64\release\musicplayer.tlog\rc.write.1.tlog
