f:\source\2024\musicplayer\musicplayer\x64\debug\vc143.pdb
f:\source\2024\musicplayer\musicplayer\x64\debug\vc143.idb
f:\source\2024\musicplayer\musicplayer\x64\debug\musicplayer.obj
f:\source\2024\musicplayer\musicplayer\x64\debug\musicmci.obj
f:\source\2024\musicplayer\musicplayer\x64\debug\musicdata.obj
f:\source\2024\musicplayer\musicplayer\x64\debug\main.obj
f:\source\2024\musicplayer\musicplayer\x64\debug\guimusicplayer.obj
f:\source\2024\musicplayer\x64\debug\musicplayer.exe
f:\source\2024\musicplayer\x64\debug\musicplayer.pdb
f:\source\2024\musicplayer\musicplayer\x64\debug\music_player.res
f:\source\2024\musicplayer\musicplayer\x64\debug\musicplayer.ilk
f:\source\2024\musicplayer\musicplayer\x64\debug\musicplayer.tlog\cl.command.1.tlog
f:\source\2024\musicplayer\musicplayer\x64\debug\musicplayer.tlog\cl.items.tlog
f:\source\2024\musicplayer\musicplayer\x64\debug\musicplayer.tlog\cl.read.1.tlog
f:\source\2024\musicplayer\musicplayer\x64\debug\musicplayer.tlog\cl.write.1.tlog
f:\source\2024\musicplayer\musicplayer\x64\debug\musicplayer.tlog\link.command.1.tlog
f:\source\2024\musicplayer\musicplayer\x64\debug\musicplayer.tlog\link.read.1.tlog
f:\source\2024\musicplayer\musicplayer\x64\debug\musicplayer.tlog\link.secondary.1.tlog
f:\source\2024\musicplayer\musicplayer\x64\debug\musicplayer.tlog\link.write.1.tlog
f:\source\2024\musicplayer\musicplayer\x64\debug\musicplayer.tlog\rc.command.1.tlog
f:\source\2024\musicplayer\musicplayer\x64\debug\musicplayer.tlog\rc.read.1.tlog
f:\source\2024\musicplayer\musicplayer\x64\debug\musicplayer.tlog\rc.write.1.tlog
